<?xml version="1.0" encoding="UTF-8"?>
<!-- Generated by org.testng.reporters.JUnitReportReporter -->
<testsuite hostname="Nandana" failures="0" tests="1" name="com.shaanstraining.ui.pages.HomePageTest" time="1.971" errors="0" timestamp="10 Sep 2018 16:51:48 GMT">
  <testcase classname="com.shaanstraining.ui.pages.HomePageTest" name="search" time="1.971"/>
</testsuite> <!-- com.shaanstraining.ui.pages.HomePageTest -->
